FILE_TYPE=LIBRARY_PARTS;
PRIMITIVE 'CE201210_2N2D','CE201210_2N2D_Inductors Chip';
  PIN
    '1':
      PIN_NUMBER='(1)';
      NO_LOAD_CHECK=BOTH;
      NO_IO_CHECK=BOTH;
      ALLOW_CONNECT=TRUE;
      PINUSE='UNSPEC';
    '2':
      PIN_NUMBER='(2)';
      NO_LOAD_CHECK=BOTH;
      NO_IO_CHECK=BOTH;
      ALLOW_CONNECT=TRUE;
      PINUSE='UNSPEC';
  END_PIN;
  BODY
    PART_NAME='CE201210_2N2D';
    PHYS_DES_PREFIX='L';
    NO_LOAD_CHECK='TRUE';
    PIN_COUNT='2';
    BODY_NAME='CE201210_2N2D';
    JEDEC_TYPE='INDC2012X103N';
  END_BODY;
END_PRIMITIVE;
END.
